    6.6e-09   22.2   6.0      4e-08   19.7   1.2    2.4  1  sp|Q8WPG5|KUNI_ORNKA       Thrombin inhibitor savignin OS=Orn
    8.4e-09   21.9   0.1    8.4e-09   21.9   0.1    1.1  1  sp|P84555|TIQ7_RHISA       Kunitz-type serine protease inhibi
    2.7e-08   20.3   6.4    5.2e-08   19.4   0.3    2.7  1  sp|P56409|KUNI_ORNMO       Ornithodorin OS=Ornithodoros mouba
    4.8e-08   19.5   2.7    7.9e-08   18.8   2.7    1.4  1  sp|Q09JW3|KUNP2_ARGMO      Monogrin 2 OS=Argas monolakensis O
    4.8e-08   19.5   3.7    4.8e-08   19.5   3.7    1.6  1  sp|C5H8E7|TICK1_RHIAP      R.appendiculatus Kunitz/BPTI-like 
    9.7e-08   18.5   0.1    9.7e-08   18.5   0.1    1.0  1  sp|P0DJ63|VKT_OXYMI        Kunitz-type serine protease inhibi
    1.3e-07   18.1   4.7    1.6e-07   17.8   3.9    1.6  1  sp|Q09JW4|KUNP1_ARGMO      Monogrin 1 OS=Argas monolakensis O
    1.8e-07   17.6   0.3    1.8e-07   17.6   0.3    1.0  1  sp|P83605|BMTI4_RHIMP      Kunitz-type serine protease inhibi
    2.6e-07   17.1   0.1    2.6e-07   17.1   0.1    1.0  1  sp|P85039|VKTC8_DABSI      Kunitz-type serine protease inhibi
    2.6e-06   13.9   0.1    2.6e-06   13.9   0.1    1.0  1  sp|P85040|VKTC9_DABSI      Kunitz-type serine protease inhibi
    2.7e-06   13.8   0.1    2.8e-06   13.8   0.1    1.1  1  sp|P84556|TIS5_RHISA       Kunitz-type serine protease inhibi
    4.2e-06   13.2   0.1    1.2e-05   11.8   0.1    1.7  1  sp|Q91736|EPB1B_XENLA      Ephrin type-B receptor 1-B (Fragme
    4.7e-06   13.1   0.0    1.4e-05   11.6   0.0    1.7  1  sp|P09759|EPHB1_RAT        Ephrin type-B receptor 1 OS=Rattus
    4.8e-06   13.1   0.0    1.4e-05   11.6   0.0    1.7  1  sp|Q8CBF3|EPHB1_MOUSE      Ephrin type-B receptor 1 OS=Mus mu
    4.8e-06   13.1   0.0    1.4e-05   11.6   0.0    1.7  1  sp|P54762|EPHB1_HUMAN      Ephrin type-B receptor 1 OS=Homo s
    4.8e-06   13.1   0.1    1.3e-05   11.7   0.1    1.6  1  sp|Q91571|EPB1A_XENLA      Ephrin type-B receptor 1-A OS=Xeno
    5.4e-06   12.9   0.0    1.4e-05   11.6   0.0    1.6  1  sp|Q07494|EPHB1_CHICK      Ephrin type-B receptor 1 (Fragment
    5.8e-06   12.8   0.1    1.1e-05   11.9   0.1    1.4  1  sp|P71089|YGAJ_BACSU       Uncharacterized peptidase YgaJ OS=
    5.9e-06   12.8   0.3    5.9e-06   12.8   0.3    1.0  1  sp|P0DM47|VKT_MICAT        Protease inhibitor (Fragment) OS=M
      6e-06   12.8   0.1      6e-06   12.8   0.1    1.0  1  sp|P0DV02|VKT2L_HETCR      PI-stichotoxin-Hcr2l (Fragment) OS
    6.1e-06   12.7   0.9    6.7e-06   12.6   0.9    1.0  1  sp|P83604|BMTI3_RHIMP      Kunitz-type serine protease inhibi
    1.1e-05   12.0   0.2    3.4e-05   10.4   0.2    1.8  1  sp|P28693|EPHB2_CHICK      Ephrin type-B receptor 2 OS=Gallus
    1.3e-05   11.7   0.2    3.3e-05   10.4   0.2    1.6  1  sp|Q90344|EPHB2_COTJA      Ephrin type-B receptor 2 OS=Coturn
    1.3e-05   11.7   9.2    2.1e-05   11.0   9.2    1.6  1  sp|P36235|KUNPG_ORNMO      Disagregin OS=Ornithodoros moubata
    1.3e-05   11.7   0.2    5.2e-05    9.7   0.2    2.0  0  sp|P29323|EPHB2_HUMAN      Ephrin type-B receptor 2 OS=Homo s
    1.3e-05   11.7   1.3    2.4e-05   10.8   1.3    1.5  1  sp|P40500|YII9_YEAST       Uncharacterized membrane protein Y
    1.4e-05   11.5   0.1    5.3e-05    9.7   0.1    2.0  0  sp|Q91845|EPA4A_XENLA      Ephrin type-A receptor 4-A OS=Xeno
    1.5e-05   11.5   0.1    5.3e-05    9.7   0.1    1.9  0  sp|Q91694|EPA4B_XENLA      Ephrin type-A receptor 4-B OS=Xeno
    1.7e-05   11.3   0.1    1.7e-05   11.3   0.1    1.0  1  sp|P0DV07|VT2K_HETCR       PI-stichotoxin-Hcr2k (Fragment) OS
    1.9e-05   11.2   0.5    5.1e-05    9.8   0.5    1.7  0  sp|P78746|CHSD_ASPFU       Chitin synthase D OS=Aspergillus f
      2e-05   11.1   0.1    6.2e-05    9.5   0.1    1.8  0  sp|P54763|EPHB2_MOUSE      Ephrin type-B receptor 2 OS=Mus mu
    2.1e-05   11.0   0.1    6.3e-05    9.5   0.1    1.8  0  sp|Q91735|EPHB3_XENLA      Ephrin type-B receptor 3 OS=Xenopu
    2.4e-05   10.8   1.2    3.9e-05   10.2   0.1    1.9  0  sp|Q07498|EPHB3_CHICK      Ephrin type-B receptor 3 (Fragment
