Q868Z9
O76840
A0A6P8HC43
Q28864
Q02445
O54819
P19761
P84875
P83606
Q03610
Q7YRQ8
O35536
P86733
Q6T269
Q8WPI2
W4VSH9
Q8WPI3
B6ZIW0
Q9WU03
P04365
Q5VJG2
Q9R097
P00978
B2BS84
P62756
P62757
Q60559
Q62577
Q07456
P04366
Q64240
P83609
Q08E66
Q7TQN3
Q8TEU8
Q6NUX0
Q90WA0
P36992
P00975
Q6ITB4
Q6ITB6
Q6ITB5
Q6ITB9
Q96NZ8
P0DMW7
P0DMW6
P0DMJ6
Q7LZS8
P0DV05
Q6T6T5
B5KL39
P04815
F8J2F3
Q90W98
B5L5R0
B5G6G6
Q6ITB0
Q6ITB1
P00984
Q7LZE3
B7S4N9
C0HK74
P00985
Q9TWG0
P10280
Q6ITB7
Q2ES47
B5KF96
C0HJU7
C0HK72
P0DN06
C0HLB2
P0DV04
P0DMJ5
Q2ES46
C0HLA7
F8J2F5
C0HLA5
C1IC50
Q90W99
P0DN08
B5KF95
B5KL36
P0DN09
B6RLX2
H2A0P0
B5KL40
B5L5R7
C0HLA6
P00986
P0DN11
B5KL37
Q6ITC0
C0HK73
P00982
P81129
P0DV03
C0HJF4
B5KL35
B5L5M7
C0HLA8
C1IC52
P0DN12
P00994
Q9TWF8
C0HJF3
P86862
A0A6B7FA07
P29216
Q8T3S7
P00993
B5L5R4
P00981
Q9TWF9
Q6T6S5
F8J2F4
P00992
P00991
C1IC51
A0A6B7FEJ3
A8Y7N9
A6MFL4
E7FL11
P0DN13
B5KL38
P81902
A6MGY1
Q6ITB3
B5KL33
A0A6B7FBD3
P81547
P0DN19
A6MFL1
B5L5R1
Q6ITC1
P0DL86
P0DN10
B2G331
A6MFL3
E7FL12
B5KF94
C0HLA9
P0DMJ4
A6MGX9
B5KL31
E7FL13
C0HJU6
A0A3G2FQK2
P0DV06
P0DN17
Q6ITB8
P0DMJ2
B5L5Q8
P0C5J5
P00976
B4ESA3
P12023
B5KL30
C1IC53
P0DN14
B2KTG1
P25660
P0DN20
P79307
Q95241
P08592
P53601
Q5IS80
P24541
A6MFL2
B5KL34
P0DKL8
B1B5I8
A8Y7N6
H2A0N1
Q8AY41
A8Y7N7
B5KL32
P00979
P0DN07
E5AJX3
A5X2X1
F8J2F6
Q60495
C8YJ94
Q6ITB2
B5KL41
F6ULY1
Q29100
Q8AY43
Q06481
H6VC06
P15943
B2KTG2
Q29428
A8Y7N5
C8YJ95
P0DMJ3
A7X3V4
P20229
A8Y7P1
P00990
P0DN18
P0DMX0
C1IBY4
A8Y7P5
B5KL27
Q1RPT0
Q8AY45
A8Y7P4
P0DJ50
Q75S50
Q8AY44
Q2ES48
I2G9B4
O62845
B5KL29
Q8AY42
Q28201
B4ESA4
Q90W96
A8Y7N4
H6VC05
P0C8W3
P0DQQ9
A8Y7P6
P26228
A8Y7N8
A8Y7P0
Q2ES50
P81162
Q3UW55
A8Y7P3
D4A2Z2
P0DQR1
H2A0N5
P81548
P0DJ46
O93279
A8Y7P2
D5J9Q8
Q5ZPJ7
B5KL28
B5L5Q1
A7X3V7
P82966
B2KTG3
O95925
Q9BDL1
C8YJ97
P0DN15
P0DJ45
Q7T2Q6
Q8R0S6
B5L5R6
P16044
P15989
D8KY58
P49223
Q90W97
D2Y489
P82968
D2Y491
Q0PL65
P0DJ48
P86959
P86964
Q9DA01
Q4KUS1
Q29143
D2Y490
H2A0M2
C8YJ96
B5L5Q6
D2Y488
P19859
P0DJ49
P0DN16
P00983
P0CY85
G3LH89
P16344
P26227
Q589G4
P0DJ77
P68425
B2ZBB6
Q1RPS9
P0DJ66
P0DJ76
P0DJ47
P11424
P10832
P10831
Q1RPS8
O95428
D2Y2Q7
H2A0N9
D2Y2Q9
D2Y2Q2
D2Y2G1
P0DJ84
Q8T0W4
P0DMJ1
D2Y2Q8
P0DQR0
P81906
D2Y2Q1
B5L5Q3
Q75S49
Q8AY46
Q9EPX2
Q9W728
P0DJ82
D2Y2Q5
B2ZBC0
P07481
P00987
P0DJ79
O73683
P0DJ85
P0DJ80
B2ZBB8
P0DJ75
P0DJ78
B4ESA2
Q9D263
D2Y2C2
P0DJ70
D2Y2F4
P0DJ67
D2Y2F8
P0DJ69
P0DJ74
D2Y2F6
P0DJ72
D2Y2F5
P0DJ71
D2Y2Q6
Q02388
Q2UY11
B2ZBB9
D2Y2F3
P0DJ64
Q63870
C0HLB0
D2Y2F7
P0DJ73
Q2UY09
D2Y2F9
P0DJ65
Q6UDR6
P0DJ81
P0DMW9
D2Y2G2
P0DJ68
D2Y2G0
P0DMW8
Q8IUA0
C0LNR2
M9PE65
I6VXS1
Q2ES49
Q7Z1K3
Q09JW6
P0CAR0
P26226
D9IFL3
P0CH75
Q9BQY6
